# JRE version: OpenJDK Runtime Environment Temurin-17.0.10+7 (17.0.10+7) (build 17.0.10+7)
# Java VM: OpenJDK 64-Bit Server VM Temurin-17.0.10+7 (17.0.10+7, mixed mode, tiered, compressed oops, compressed class ptrs, g1 gc, windows-amd64)
GC Precious Log:
 CPUs: 8 total, 8 available
 Memory: 7998M
 Large Page Support: Disabled
 NUMA Support: Disabled
 Compressed Oops: Enabled (32-bit)
 Heap Region Size: 1M
 Heap Min Capacity: 8M
 Heap Initial Capacity: 126M
 Heap Max Capacity: 2000M
 Pre-touch: Disabled
 Parallel Workers: 8
 Concurrent Workers: 2
 Concurrent Refinement Workers: 8
 Periodic GC: Disabled
Heap:
 garbage-first heap   total 14336K, used 3347K [0x0000000083000000, 0x0000000100000000)
  region size 1024K, 1 young (1024K), 0 survivors (0K)
 Metaspace       used 13117K, committed 13312K, reserved 1114112K
  class space    used 1383K, committed 1472K, reserved 1048576K
GC Heap History (20 events):
Event: 4704.258 GC heap before
{Heap before GC invocations=452 (full 452):
 garbage-first heap   total 14336K, used 3322K [0x0000000083000000, 0x0000000100000000)
  region size 1024K, 1 young (1024K), 0 survivors (0K)
 Metaspace       used 13051K, committed 13248K, reserved 1114112K
  class space    used 1376K, committed 1472K, reserved 1048576K
}
Event: 4704.293 GC heap after
{Heap after GC invocations=453 (full 453):
 garbage-first heap   total 14336K, used 3322K [0x0000000083000000, 0x0000000100000000)
  region size 1024K, 0 young (0K), 0 survivors (0K)
 Metaspace       used 13051K, committed 13248K, reserved 1114112K
  class space    used 1376K, committed 1472K, reserved 1048576K
}
Event: 4714.630 GC heap before
{Heap before GC invocations=453 (full 453):
 garbage-first heap   total 14336K, used 3322K [0x0000000083000000, 0x0000000100000000)
  region size 1024K, 1 young (1024K), 0 survivors (0K)
 Metaspace       used 13051K, committed 13248K, reserved 1114112K
  class space    used 1376K, committed 1472K, reserved 1048576K
}
Event: 4714.656 GC heap after
{Heap after GC invocations=454 (full 454):
 garbage-first heap   total 14336K, used 3322K [0x0000000083000000, 0x0000000100000000)
  region size 1024K, 0 young (0K), 0 survivors (0K)
 Metaspace       used 13051K, committed 13248K, reserved 1114112K
  class space    used 1376K, committed 1472K, reserved 1048576K
}
Event: 4724.988 GC heap before
{Heap before GC invocations=454 (full 454):
 garbage-first heap   total 14336K, used 3322K [0x0000000083000000, 0x0000000100000000)
  region size 1024K, 1 young (1024K), 0 survivors (0K)
 Metaspace       used 13051K, committed 13248K, reserved 1114112K
  class space    used 1376K, committed 1472K, reserved 1048576K
}
Event: 4725.015 GC heap after
{Heap after GC invocations=455 (full 455):
 garbage-first heap   total 14336K, used 3322K [0x0000000083000000, 0x0000000100000000)
  region size 1024K, 0 young (0K), 0 survivors (0K)
 Metaspace       used 13051K, committed 13248K, reserved 1114112K
  class space    used 1376K, committed 1472K, reserved 1048576K
}
Event: 4735.372 GC heap before
{Heap before GC invocations=455 (full 455):
 garbage-first heap   total 14336K, used 3322K [0x0000000083000000, 0x0000000100000000)
  region size 1024K, 1 young (1024K), 0 survivors (0K)
 Metaspace       used 13051K, committed 13248K, reserved 1114112K
  class space    used 1376K, committed 1472K, reserved 1048576K
}
Event: 4735.397 GC heap after
{Heap after GC invocations=456 (full 456):
 garbage-first heap   total 14336K, used 3322K [0x0000000083000000, 0x0000000100000000)
  region size 1024K, 0 young (0K), 0 survivors (0K)
 Metaspace       used 13051K, committed 13248K, reserved 1114112K
  class space    used 1376K, committed 1472K, reserved 1048576K
}
Event: 4745.987 GC heap before
{Heap before GC invocations=456 (full 456):
 garbage-first heap   total 14336K, used 3322K [0x0000000083000000, 0x0000000100000000)
  region size 1024K, 1 young (1024K), 0 survivors (0K)
 Metaspace       used 13051K, committed 13248K, reserved 1114112K
  class space    used 1376K, committed 1472K, reserved 1048576K
}
Event: 4746.025 GC heap after
{Heap after GC invocations=457 (full 457):
 garbage-first heap   total 14336K, used 3322K [0x0000000083000000, 0x0000000100000000)
  region size 1024K, 0 young (0K), 0 survivors (0K)
 Metaspace       used 13051K, committed 13248K, reserved 1114112K
  class space    used 1376K, committed 1472K, reserved 1048576K
}
Event: 4758.220 GC heap before
{Heap before GC invocations=457 (full 457):
 garbage-first heap   total 14336K, used 3322K [0x0000000083000000, 0x0000000100000000)
  region size 1024K, 1 young (1024K), 0 survivors (0K)
 Metaspace       used 13051K, committed 13248K, reserved 1114112K
  class space    used 1376K, committed 1472K, reserved 1048576K
}
Event: 4758.260 GC heap after
{Heap after GC invocations=458 (full 458):
 garbage-first heap   total 14336K, used 3322K [0x0000000083000000, 0x0000000100000000)
  region size 1024K, 0 young (0K), 0 survivors (0K)
 Metaspace       used 13051K, committed 13248K, reserved 1114112K
  class space    used 1376K, committed 1472K, reserved 1048576K
}
Event: 4769.549 GC heap before
{Heap before GC invocations=458 (full 458):
 garbage-first heap   total 14336K, used 3322K [0x0000000083000000, 0x0000000100000000)
  region size 1024K, 1 young (1024K), 0 survivors (0K)
 Metaspace       used 13051K, committed 13248K, reserved 1114112K
  class space    used 1376K, committed 1472K, reserved 1048576K
}
Event: 4769.597 GC heap after
{Heap after GC invocations=459 (full 459):
 garbage-first heap   total 14336K, used 3322K [0x0000000083000000, 0x0000000100000000)
  region size 1024K, 0 young (0K), 0 survivors (0K)
 Metaspace       used 13051K, committed 13248K, reserved 1114112K
  class space    used 1376K, committed 1472K, reserved 1048576K
}
Event: 4781.021 GC heap before
{Heap before GC invocations=459 (full 459):
 garbage-first heap   total 14336K, used 3322K [0x0000000083000000, 0x0000000100000000)
  region size 1024K, 1 young (1024K), 0 survivors (0K)
 Metaspace       used 13051K, committed 13248K, reserved 1114112K
  class space    used 1376K, committed 1472K, reserved 1048576K
}
Event: 4781.077 GC heap after
{Heap after GC invocations=460 (full 460):
 garbage-first heap   total 14336K, used 3322K [0x0000000083000000, 0x0000000100000000)
  region size 1024K, 0 young (0K), 0 survivors (0K)
 Metaspace       used 13051K, committed 13248K, reserved 1114112K
  class space    used 1376K, committed 1472K, reserved 1048576K
}
Event: 4792.074 GC heap before
{Heap before GC invocations=460 (full 460):
 garbage-first heap   total 14336K, used 3322K [0x0000000083000000, 0x0000000100000000)
  region size 1024K, 1 young (1024K), 0 survivors (0K)
 Metaspace       used 13051K, committed 13248K, reserved 1114112K
  class space    used 1376K, committed 1472K, reserved 1048576K
}
Event: 4792.132 GC heap after
{Heap after GC invocations=461 (full 461):
 garbage-first heap   total 14336K, used 3322K [0x0000000083000000, 0x0000000100000000)
  region size 1024K, 0 young (0K), 0 survivors (0K)
 Metaspace       used 13051K, committed 13248K, reserved 1114112K
  class space    used 1376K, committed 1472K, reserved 1048576K
}
Event: 4802.459 GC heap before
{Heap before GC invocations=461 (full 461):
 garbage-first heap   total 14336K, used 3322K [0x0000000083000000, 0x0000000100000000)
  region size 1024K, 1 young (1024K), 0 survivors (0K)
 Metaspace       used 13089K, committed 13312K, reserved 1114112K
  class space    used 1380K, committed 1472K, reserved 1048576K
}
Event: 4802.541 GC heap after
{Heap after GC invocations=462 (full 462):
 garbage-first heap   total 14336K, used 3347K [0x0000000083000000, 0x0000000100000000)
  region size 1024K, 0 young (0K), 0 survivors (0K)
 Metaspace       used 13089K, committed 13312K, reserved 1114112K
  class space    used 1380K, committed 1472K, reserved 1048576K
}

